TN:
SF:src\domain\errors.ts
FNF:0
FNH:0
DA:1,1
LF:1
LH:1
BRF:0
BRH:0
end_of_record
TN:
SF:src\domain\note\Note.ts
FN:1,(empty-report)
FNF:1
FNH:1
FNDA:1,(empty-report)
LF:0
LH:0
BRDA:1,0,0,1
BRF:1
BRH:1
end_of_record
TN:
SF:src\domain\note\notePolicy.ts
FN:16,makeNoteId
FN:18,duplicateNoteProps
FN:24,canDeleteLastWorkspace
FNF:3
FNH:3
FNDA:2,makeNoteId
FNDA:1,duplicateNoteProps
FNDA:3,canDeleteLastWorkspace
DA:1,1
DA:16,1
DA:18,1
DA:19,1
DA:20,1
DA:21,1
DA:22,1
DA:24,1
LF:8
LH:8
BRDA:16,0,0,2
BRDA:18,1,0,1
BRDA:24,2,0,3
BRF:3
BRH:3
end_of_record
TN:
SF:src\domain\workspace\Workspace.ts
FN:1,(empty-report)
FNF:1
FNH:1
FNDA:1,(empty-report)
LF:0
LH:0
BRDA:1,0,0,1
BRF:1
BRH:1
end_of_record
TN:
SF:src\errors\AppError.ts
FN:16,<instance_members_initializer>
FN:21,AppError
FN:31,toJSON
FN:41,<instance_members_initializer>
FN:43,NotFoundError
FN:52,<instance_members_initializer>
FN:56,<instance_members_initializer>
FN:60,<instance_members_initializer>
FN:62,PersistenceError
FN:77,<instance_members_initializer>
FN:79,EncryptionError
FN:88,<instance_members_initializer>
FNF:12
FNH:12
FNDA:20,<instance_members_initializer>
FNDA:20,AppError
FNDA:1,toJSON
FNDA:6,<instance_members_initializer>
FNDA:6,NotFoundError
FNDA:2,<instance_members_initializer>
FNDA:3,<instance_members_initializer>
FNDA:4,<instance_members_initializer>
FNDA:4,PersistenceError
FNDA:4,<instance_members_initializer>
FNDA:4,EncryptionError
FNDA:1,<instance_members_initializer>
DA:16,1
DA:18,20
DA:19,20
DA:21,20
DA:22,20
DA:23,20
DA:24,20
DA:25,20
DA:26,20
DA:27,20
DA:28,20
DA:29,20
DA:31,20
DA:32,1
DA:33,1
DA:34,1
DA:35,1
DA:36,1
DA:37,1
DA:38,1
DA:39,20
DA:41,1
DA:42,6
DA:43,6
DA:44,6
DA:45,6
DA:46,6
DA:47,6
DA:48,6
DA:49,6
DA:50,6
DA:52,1
DA:53,2
DA:54,2
DA:56,1
DA:57,3
DA:58,3
DA:60,1
DA:61,4
DA:62,4
DA:63,4
DA:64,4
DA:65,4
DA:66,4
DA:67,4
DA:68,4
DA:69,4
DA:77,1
DA:78,4
DA:79,4
DA:80,4
DA:81,4
DA:82,4
DA:83,4
DA:84,4
DA:85,4
DA:86,4
DA:88,1
DA:89,1
DA:90,1
LF:60
LH:60
BRDA:16,0,0,20
BRDA:21,1,0,20
BRDA:22,2,0,3
BRDA:22,3,0,17
BRDA:31,4,0,1
BRDA:41,5,0,6
BRDA:43,6,0,6
BRDA:52,7,0,2
BRDA:56,8,0,3
BRDA:60,9,0,4
BRDA:62,10,0,4
BRDA:77,11,0,4
BRDA:79,12,0,4
BRDA:88,13,0,1
BRF:14
BRH:14
end_of_record
TN:
SF:src\errors\Result.ts
FN:3,ok
FN:4,err
FN:6,isOk
FN:7,isErr
FNF:4
FNH:4
FNDA:1,ok
FNDA:1,err
FNDA:3,isOk
FNDA:2,isErr
DA:3,1
DA:4,1
DA:6,1
DA:7,1
LF:4
LH:4
BRDA:3,0,0,1
BRDA:4,1,0,1
BRDA:6,2,0,3
BRDA:7,3,0,2
BRF:4
BRH:4
end_of_record
TN:
SF:src\errors\errorMappers.ts
FN:3,toPersistenceError
FN:11,toAppError
FNF:2
FNH:2
FNDA:1,toPersistenceError
FNDA:1,toAppError
DA:1,1
DA:3,1
DA:4,1
DA:5,1
DA:6,1
DA:7,1
DA:8,1
DA:9,1
DA:11,1
DA:12,1
DA:13,1
DA:14,1
DA:15,1
LF:13
LH:13
BRDA:3,0,0,1
BRDA:4,1,0,0
BRDA:5,2,0,0
BRDA:11,3,0,1
BRDA:12,4,0,0
BRDA:13,5,0,0
BRF:6
BRH:2
end_of_record
TN:
SF:src\errors\index.ts
FNF:0
FNH:0
DA:1,1
DA:2,1
DA:3,1
LF:3
LH:3
BRF:0
BRH:0
end_of_record
TN:
SF:src\services\EncryptionService.ts
FN:3,<static_initializer>
FN:6,getOrGenerateMasterKey
FN:38,bytesToBase64
FN:49,base64ToBytes
FN:59,encryptPayload
FN:86,decryptPayload
FNF:6
FNH:6
FNDA:1,<static_initializer>
FNDA:6,getOrGenerateMasterKey
FNDA:3,bytesToBase64
FNDA:5,base64ToBytes
FNDA:3,encryptPayload
FNDA:5,decryptPayload
DA:1,1
DA:3,1
DA:4,1
DA:6,1
DA:7,6
DA:9,1
DA:10,1
DA:11,1
DA:12,1
DA:13,1
DA:14,1
DA:15,1
DA:16,1
DA:17,1
DA:19,1
DA:20,1
DA:21,1
DA:22,0
DA:24,6
DA:25,6
DA:26,6
DA:27,6
DA:28,6
DA:29,6
DA:30,6
DA:31,6
DA:32,1
DA:33,6
DA:34,0
DA:35,0
DA:36,6
DA:38,1
DA:39,3
DA:40,3
DA:41,3
DA:42,3
DA:43,3
DA:44,3
DA:45,3
DA:46,3
DA:47,3
DA:49,1
DA:50,5
DA:51,5
DA:52,5
DA:53,5
DA:54,156
DA:55,156
DA:56,4
DA:57,5
DA:59,1
DA:60,3
DA:61,3
DA:62,3
DA:63,3
DA:64,3
DA:65,0
DA:66,0
DA:67,0
DA:68,0
DA:70,3
DA:71,3
DA:73,3
DA:74,3
DA:76,3
DA:77,3
DA:78,3
DA:80,3
DA:81,3
DA:82,0
DA:83,0
DA:84,3
DA:86,1
DA:87,5
DA:89,5
DA:90,5
DA:91,5
DA:92,5
DA:93,1
DA:94,1
DA:96,5
DA:97,1
DA:98,1
DA:99,1
DA:100,1
DA:101,1
DA:103,3
DA:104,3
DA:106,3
DA:107,3
DA:108,3
DA:109,5
DA:110,0
DA:111,0
DA:112,0
DA:113,0
DA:115,3
DA:116,3
DA:117,3
DA:118,3
DA:119,3
DA:120,3
DA:122,3
DA:123,5
DA:124,0
DA:125,0
DA:126,0
DA:127,0
DA:128,0
DA:129,0
DA:130,5
DA:131,1
LF:112
LH:93
BRDA:3,0,0,1
BRDA:6,1,0,6
BRDA:7,2,0,5
BRDA:7,3,0,1
BRDA:21,4,0,0
BRDA:31,5,0,1
BRDA:33,6,0,0
BRDA:14,7,0,32
BRDA:21,8,0,32
BRDA:38,9,0,3
BRDA:49,10,0,5
BRDA:53,11,0,156
BRDA:55,12,0,4
BRDA:59,13,0,3
BRDA:60,14,0,0
BRDA:64,15,0,0
BRDA:81,16,0,0
BRDA:86,17,0,5
BRDA:87,18,0,0
BRDA:92,19,0,1
BRDA:94,20,0,4
BRDA:96,21,0,1
BRDA:101,22,0,3
BRDA:109,23,0,0
BRDA:113,24,0,3
BRDA:123,25,0,0
BRF:26
BRH:18
end_of_record
TN:
SF:src\services\INoteService.ts
FN:1,(empty-report)
FNF:1
FNH:1
FNDA:1,(empty-report)
LF:0
LH:0
BRDA:1,0,0,1
BRF:1
BRH:1
end_of_record
TN:
SF:src\services\IWorkspaceService.ts
FN:1,(empty-report)
FNF:1
FNH:1
FNDA:1,(empty-report)
LF:0
LH:0
BRDA:1,0,0,1
BRF:1
BRH:1
end_of_record
TN:
SF:src\services\NoteService.ts
FN:15,NoteService
FN:17,listMetadataByWorkspace
FN:21,getNote
FN:25,createNote
FN:43,updateMetadata
FN:52,updateContent
FN:56,deleteNote
FN:60,duplicateNote
FN:67,togglePin
FN:73,toggleFavorite
FNF:10
FNH:10
FNDA:6,NoteService
FNDA:2,listMetadataByWorkspace
FNDA:2,getNote
FNDA:2,createNote
FNDA:1,updateMetadata
FNDA:1,updateContent
FNDA:1,deleteNote
FNDA:2,duplicateNote
FNDA:2,togglePin
FNDA:2,toggleFavorite
DA:1,1
DA:14,1
DA:15,1
DA:17,1
DA:18,2
DA:19,2
DA:21,1
DA:22,2
DA:23,2
DA:25,1
DA:26,2
DA:27,2
DA:28,2
DA:29,2
DA:30,2
DA:31,2
DA:32,2
DA:33,2
DA:34,2
DA:35,2
DA:36,2
DA:37,2
DA:38,2
DA:39,2
DA:40,2
DA:41,2
DA:43,1
DA:44,1
DA:45,1
DA:48,1
DA:49,1
DA:50,1
DA:52,1
DA:53,1
DA:54,1
DA:56,1
DA:57,1
DA:58,1
DA:60,1
DA:61,2
DA:62,2
DA:63,1
DA:64,1
DA:65,2
DA:67,1
DA:68,2
DA:69,2
DA:70,1
DA:71,2
DA:73,1
DA:74,2
DA:75,2
DA:76,1
DA:77,2
DA:78,1
LF:55
LH:55
BRDA:15,0,0,6
BRDA:17,1,0,2
BRDA:21,2,0,2
BRDA:25,3,0,2
BRDA:43,4,0,1
BRDA:52,5,0,1
BRDA:56,6,0,1
BRDA:60,7,0,2
BRDA:62,8,0,1
BRDA:67,9,0,2
BRDA:69,10,0,1
BRDA:73,11,0,2
BRDA:75,12,0,1
BRF:13
BRH:13
end_of_record
TN:
SF:src\services\WorkspaceService.ts
FN:9,WorkspaceService
FN:14,getAllWorkspaces
FN:18,getWorkspace
FN:22,createWorkspace
FN:37,updateWorkspace
FN:41,deleteWorkspace
FNF:6
FNH:6
FNDA:4,WorkspaceService
FNDA:1,getAllWorkspaces
FNDA:1,getWorkspace
FNDA:1,createWorkspace
FNDA:1,updateWorkspace
FNDA:3,deleteWorkspace
DA:1,1
DA:8,1
DA:9,1
DA:10,4
DA:11,4
DA:12,4
DA:14,1
DA:15,1
DA:16,1
DA:18,1
DA:19,1
DA:20,1
DA:22,1
DA:23,1
DA:24,1
DA:25,1
DA:26,1
DA:27,1
DA:28,1
DA:29,1
DA:30,1
DA:31,1
DA:32,1
DA:33,1
DA:34,1
DA:35,1
DA:37,1
DA:38,1
DA:39,1
DA:41,1
DA:42,3
DA:43,1
DA:44,1
DA:46,2
DA:47,3
DA:49,1
DA:50,1
DA:51,3
DA:52,1
LF:39
LH:39
BRDA:9,0,0,4
BRDA:14,1,0,1
BRDA:18,2,0,1
BRDA:22,3,0,1
BRDA:37,4,0,1
BRDA:41,5,0,3
BRDA:42,6,0,1
BRDA:44,7,0,2
BRDA:47,8,0,1
BRF:9
BRH:9
end_of_record
TN:
SF:src\services\errorPresenter.ts
FN:10,presentError
FNF:1
FNH:1
FNDA:7,presentError
DA:1,1
DA:10,1
DA:11,7
DA:12,6
DA:13,6
DA:14,1
DA:15,1
DA:16,1
DA:17,1
DA:18,1
DA:19,1
DA:20,6
DA:21,1
DA:22,1
DA:23,1
DA:24,1
DA:25,1
DA:26,1
DA:27,6
DA:28,1
DA:29,1
DA:30,1
DA:31,1
DA:32,1
DA:33,1
DA:34,6
DA:35,1
DA:36,1
DA:37,1
DA:38,1
DA:39,1
DA:40,1
DA:41,6
DA:42,1
DA:43,1
DA:44,1
DA:45,1
DA:46,1
DA:47,1
DA:48,6
DA:49,1
DA:50,1
DA:51,1
DA:52,1
DA:53,1
DA:54,1
DA:55,6
DA:56,0
DA:57,0
DA:58,0
DA:59,0
DA:60,0
DA:61,0
DA:62,6
DA:63,6
DA:65,7
DA:66,7
DA:67,7
DA:68,7
DA:69,7
DA:70,7
DA:71,7
DA:72,7
LF:63
LH:57
BRDA:10,0,0,7
BRDA:11,1,0,6
BRDA:13,2,0,1
BRDA:20,3,0,1
BRDA:27,4,0,1
BRDA:34,5,0,1
BRDA:41,6,0,1
BRDA:48,7,0,1
BRDA:55,8,0,0
BRDA:63,9,0,1
BRDA:65,10,0,0
BRF:11
BRH:9
end_of_record
